<?xml version="1.0" encoding="utf-8"?><testsuites name="pytest tests"><testsuite name="pytest" errors="0" failures="0" skipped="0" tests="5" time="193.511" timestamp="2026-09-19T12:31:33.678398+00:00" hostname="agent-env-e37d2fc9-c983-41bb-8a58-7bf4aa1857ac"><testcase classname="tests.test_documentary" name="test_documentary_analysis_and_diagnostics" time="46.093" /><testcase classname="tests.test_documentary" name="test_no_solid_color_only_text_fallback" time="0.070" /><testcase classname="tests.test_documentary" name="test_contextual_english_queries" time="0.079" /><testcase classname="tests.test_documentary" name="test_preview_render_60s" time="147.137" /><testcase classname="tests.test_documentary" name="test_r2_audio_regression" time="0.079" /></testsuite></testsuites>