<?xml version="1.0" encoding="utf-8"?><testsuites name="pytest tests"><testsuite name="pytest" errors="0" failures="0" skipped="0" tests="13" time="48.675" timestamp="2026-09-17T08:38:35.618157+00:00" hostname="agent-env-e37d2fc9-c983-41bb-8a58-7bf4aa1857ac"><testcase classname="tests.backend_test" name="test_config" time="0.268" /><testcase classname="tests.backend_test" name="test_sfx_list" time="0.060" /><testcase classname="tests.backend_test" name="test_sfx_vine_boom" time="0.072" /><testcase classname="tests.backend_test" name="test_search[image]" time="0.183" /><testcase classname="tests.backend_test" name="test_search[gif]" time="0.165" /><testcase classname="tests.backend_test" name="test_search[video]" time="0.155" /><testcase classname="tests.backend_test" name="test_audio_redirect_is_r2" time="1.458" /><testcase classname="tests.backend_test" name="test_job_processes_to_ready" time="21.478" /><testcase classname="tests.backend_test" name="test_regenerate" time="1.207" /><testcase classname="tests.backend_test" name="test_patch_caption_style" time="0.120" /><testcase classname="tests.backend_test" name="test_patch_clip_effect" time="0.175" /><testcase classname="tests.backend_test" name="test_patch_sfx" time="0.117" /><testcase classname="tests.backend_test" name="test_render" time="22.754" /></testsuite></testsuites>