<?xml version="1.0" encoding="utf-8"?><testsuites name="pytest tests"><testsuite name="pytest" errors="0" failures="1" skipped="0" tests="12" time="31.352" timestamp="2026-09-17T07:50:14.232121+00:00" hostname="agent-env-e37d2fc9-c983-41bb-8a58-7bf4aa1857ac"><testcase classname="tests.backend_test" name="test_config" time="0.209" /><testcase classname="tests.backend_test" name="test_sfx_list" time="0.060" /><testcase classname="tests.backend_test" name="test_sfx_vine_boom" time="0.071" /><testcase classname="tests.backend_test" name="test_search[image]" time="0.468" /><testcase classname="tests.backend_test" name="test_search[gif]" time="0.197" /><testcase classname="tests.backend_test" name="test_search[video]" time="0.522" /><testcase classname="tests.backend_test" name="test_job_processes_to_ready" time="12.412"><failure message="AssertionError: used_llm not True: None&#10;assert None is True&#10; +  where None = &lt;built-in method get of dict object at 0xf8ae55c322c0&gt;('used_llm')&#10; +    where &lt;built-in method get of dict object at 0xf8ae55c322c0&gt; = {'id': '4136701c-0ba7-4b9d-b426-7e0b557fe4bb', 'status': 'ready', 'stage': 'Editör hazır', 'progress': 100, ...}.get">backend/tests/backend_test.py:93: in test_job_processes_to_ready
    assert last.get("used_llm") is True, f"used_llm not True: {last.get('used_llm')}"
E   AssertionError: used_llm not True: None
E   assert None is True
E    +  where None = &lt;built-in method get of dict object at 0xf8ae55c322c0&gt;('used_llm')
E    +    where &lt;built-in method get of dict object at 0xf8ae55c322c0&gt; = {'id': '4136701c-0ba7-4b9d-b426-7e0b557fe4bb', 'status': 'ready', 'stage': 'Editör hazır', 'progress': 100, ...}.get</failure></testcase><testcase classname="tests.backend_test" name="test_regenerate" time="0.715" /><testcase classname="tests.backend_test" name="test_patch_caption_style" time="0.118" /><testcase classname="tests.backend_test" name="test_patch_clip_effect" time="0.176" /><testcase classname="tests.backend_test" name="test_patch_sfx" time="0.116" /><testcase classname="tests.backend_test" name="test_render" time="15.814" /></testsuite></testsuites>